[2025-09-02T10:32:14.522Z] plugin function called
[2025-09-02T10:32:14.547Z] session.updated ses_6f603fe2cffeRrC09A6wAMge1h
[2025-09-02T10:32:14.559Z] session.updated ses_6f603fe2cffeRrC09A6wAMge1h
[2025-09-02T10:32:24.182Z] session.idle ses_6f603fe2cffeRrC09A6wAMge1h
[2025-09-02T10:32:41.219Z] plugin function called
[2025-09-02T10:32:43.202Z] session.updated ses_6f6038e3effeG5naJZCFaYy955
[2025-09-02T10:32:43.214Z] session.updated ses_6f6038e3effeG5naJZCFaYy955
[2025-09-02T10:32:44.569Z] session.updated ses_6f6038e3effeG5naJZCFaYy955
[2025-09-02T10:32:46.749Z] session.idle ses_6f6038e3effeG5naJZCFaYy955
[2025-09-02T10:32:56.887Z] session.updated ses_6f6038e3effeG5naJZCFaYy955
[2025-09-02T10:33:13.968Z] session.idle ses_6f6038e3effeG5naJZCFaYy955
[2025-09-02T10:41:58.246Z] plugin function called
[2025-09-02T10:43:19.494Z] session.updated ses_6f5f9d8bbffe1x6odFw3BfKMpf
[2025-09-02T10:43:19.519Z] session.updated ses_6f5f9d8bbffe1x6odFw3BfKMpf
[2025-09-02T10:43:20.987Z] session.updated ses_6f5f9d8bbffe1x6odFw3BfKMpf
[2025-09-02T10:43:38.881Z] session.updated ses_6f5f9d8bbffe1x6odFw3BfKMpf
[2025-09-02T10:43:59.614Z] session.updated ses_6f5f9d8bbffe1x6odFw3BfKMpf
[2025-09-02T10:46:13.875Z] session.updated ses_6f5f9d8bbffe1x6odFw3BfKMpf
[2025-09-02T10:46:15.822Z] session.idle ses_6f5f9d8bbffe1x6odFw3BfKMpf
[2025-09-02T10:46:15.822Z] session.updated ses_6f5f9d8bbffe1x6odFw3BfKMpf
[2025-09-02T10:46:55.208Z] session.idle ses_6f5f9d8bbffe1x6odFw3BfKMpf
[2025-09-02T10:47:57.979Z] session.updated ses_6f5f9d8bbffe1x6odFw3BfKMpf
[2025-09-02T10:48:50.566Z] session.idle ses_6f5f9d8bbffe1x6odFw3BfKMpf
[2025-09-02T10:51:16.955Z] session.updated ses_6f5f9d8bbffe1x6odFw3BfKMpf
[2025-09-02T10:53:17.443Z] session.idle ses_6f5f9d8bbffe1x6odFw3BfKMpf
[2025-09-02T11:14:50.105Z] session.updated ses_6f5f9d8bbffe1x6odFw3BfKMpf
[2025-09-02T11:15:02.043Z] plugin function called
[2025-09-02T11:15:09.765Z] session.idle ses_6f5f9d8bbffe1x6odFw3BfKMpf
[2025-09-02T11:15:31.344Z] plugin function called
[2025-09-02T11:15:57.423Z] session.updated ses_6f5dbf892ffejdkTeb9nW4a5Hj
[2025-09-02T11:15:57.436Z] session.updated ses_6f5dbf892ffejdkTeb9nW4a5Hj
[2025-09-02T11:15:58.606Z] session.updated ses_6f5dbf892ffejdkTeb9nW4a5Hj
[2025-09-02T11:16:40.015Z] session.idle ses_6f5dbf892ffejdkTeb9nW4a5Hj
[2025-09-02T11:16:57.535Z] session.updated ses_6f5db0dc3ffe4qRiZSdXSQJBg4
[2025-09-02T11:16:57.550Z] session.updated ses_6f5db0dc3ffe4qRiZSdXSQJBg4
[2025-09-02T11:16:58.756Z] session.updated ses_6f5db0dc3ffe4qRiZSdXSQJBg4
[2025-09-02T11:17:23.806Z] session.idle ses_6f5db0dc3ffe4qRiZSdXSQJBg4
[2025-09-02T11:21:21.830Z] session.updated ses_6f5db0dc3ffe4qRiZSdXSQJBg4
[2025-09-02T11:22:16.878Z] session.idle ses_6f5db0dc3ffe4qRiZSdXSQJBg4
[2025-09-02T11:23:16.942Z] plugin function called
[2025-09-02T11:25:41.705Z] session.updated ses_6f5db0dc3ffe4qRiZSdXSQJBg4
[2025-09-02T11:26:08.996Z] session.updated ses_6f5db0dc3ffe4qRiZSdXSQJBg4
[2025-09-02T11:26:43.310Z] session.updated ses_6f5db0dc3ffe4qRiZSdXSQJBg4
[2025-09-02T11:26:45.268Z] session.idle ses_6f5db0dc3ffe4qRiZSdXSQJBg4
[2025-09-02T11:26:47.302Z] session.updated ses_6f5db0dc3ffe4qRiZSdXSQJBg4
