{"timestamp":"2026-03-23T11:37:34.284Z","level":"info","source":"tool","action":"execute","tool":"scip_search_symbols","query":"transcription","limit":50}
{"timestamp":"2026-03-23T11:37:34.289Z","level":"info","source":"tool","action":"index_missing","tool":"scip_search_symbols"}
{"timestamp":"2026-03-23T11:43:47.140Z","level":"info","source":"tool","action":"execute","tool":"scip_find_definition","symbol":"transcribeAudio","file":"/Users/caffae/Local-Projects-2026/kimaki/discord/src/voice-handler.ts"}
{"timestamp":"2026-03-23T11:43:47.141Z","level":"info","source":"tool","action":"index_missing","tool":"scip_find_definition"}
{"timestamp":"2026-03-23T16:09:26.697Z","level":"info","source":"tool","action":"execute","tool":"scip_list_symbols","file":"/Users/caffae/Local-Projects-2026/kimaki/discord/src/errors.ts"}
{"timestamp":"2026-03-23T16:09:26.699Z","level":"info","source":"tool","action":"index_missing","tool":"scip_list_symbols"}
{"timestamp":"2026-03-25T02:51:07.573Z","level":"info","source":"tool","action":"execute","tool":"scip_project_tree","depth":2}
{"timestamp":"2026-03-25T02:51:07.573Z","level":"info","source":"tool","action":"execute","tool":"scip_list_symbols","file":"discord/src/voice.ts"}
{"timestamp":"2026-03-25T02:51:07.573Z","level":"info","source":"tool","action":"execute","tool":"scip_list_symbols","file":"discord/src/voice-handler.ts"}
{"timestamp":"2026-03-25T02:51:07.575Z","level":"info","source":"tool","action":"index_missing","tool":"scip_project_tree"}
{"timestamp":"2026-03-25T02:51:07.577Z","level":"info","source":"tool","action":"index_missing","tool":"scip_list_symbols"}
{"timestamp":"2026-03-25T02:51:07.578Z","level":"info","source":"tool","action":"index_missing","tool":"scip_list_symbols"}
{"timestamp":"2026-03-25T03:13:43.505Z","level":"info","source":"tool","action":"execute","tool":"scip_search_symbols","query":"banner","limit":20}
{"timestamp":"2026-03-25T03:13:43.509Z","level":"info","source":"tool","action":"index_missing","tool":"scip_search_symbols"}
{"timestamp":"2026-03-25T03:13:43.509Z","level":"info","source":"tool","action":"reindex_start","tool":"scip_search_symbols"}
{"timestamp":"2026-03-25T03:13:43.509Z","level":"info","source":"indexer","action":"generate_index_start","incremental":false}
{"timestamp":"2026-03-25T03:13:43.528Z","level":"info","source":"indexer","action":"adapter_start","adapter":"typescript"}
{"timestamp":"2026-03-25T03:14:06.241Z","level":"info","source":"indexer","action":"adapter_complete","adapter":"typescript"}
{"timestamp":"2026-03-25T03:14:06.241Z","level":"info","source":"indexer","action":"adapter_start","adapter":"python"}
{"timestamp":"2026-03-25T03:14:16.244Z","level":"info","source":"indexer","action":"adapter_complete","adapter":"python"}
{"timestamp":"2026-03-25T03:14:18.049Z","level":"info","source":"indexer","action":"merge_complete","documents":445}
{"timestamp":"2026-03-25T03:14:18.053Z","level":"info","source":"indexer","action":"generate_index_complete"}
{"timestamp":"2026-03-25T03:14:18.053Z","level":"info","source":"tool","action":"reindex_complete","tool":"scip_search_symbols"}
{"timestamp":"2026-03-25T03:14:18.768Z","level":"info","source":"tool","action":"query_complete","tool":"scip_search_symbols","hits":3}
{"timestamp":"2026-03-27T06:06:40.185Z","level":"info","source":"tool","action":"execute","tool":"scip_project_tree","depth":3}
{"timestamp":"2026-03-27T06:06:40.823Z","level":"info","source":"tool","action":"query_complete","tool":"scip_project_tree","modules":445}
{"timestamp":"2026-03-27T06:06:50.523Z","level":"info","source":"tool","action":"execute","tool":"scip_search_symbols","query":"new project","limit":30}
{"timestamp":"2026-03-27T06:06:50.609Z","level":"info","source":"tool","action":"query_complete","tool":"scip_search_symbols","hits":0}
